Generated automatically by private/update-branch-coverage. Do not edit.

Name              Stmts   Miss Branch BrMiss  Cover   Missing
-------------------------------------------------------------
lib                   0      0      0      0   100%
lib.checker         789    741    487    487     4%   77-81, 84-96, 100, 106-189, 193-325, 329-453, 457-529, 533-571, 576-608, 613-650, 653-732, 735-803, 806-895, 902-940, 943-998, 1001-1022, 1027, 1033-1039
lib.cli             101     76     30     30    19%   43-47, 55-64, 67-68, 71-73, 79-111, 114-122, 125-152
lib.domains          10      0      0      0   100%
lib.encodings       125     36     30      6    73%   49-67, 79-87, 192, 200-212, 216-220
lib.gettext         136      0     58      0   100%
lib.iconv           161     56     56     34    59%   41-42, 55-57, 64, 66, 68, 70, 77-78, 87-88, 101-102, 115-127, 134-135, 138-149, 155, 157, 159, 161, 170-171, 184-185, 202-217, 226-227, 230-241
lib.intexpr         254      0     86      0   100%
lib.ling            235      2     92      4    98%   181, 272
lib.misc             59      0     22      1    99%
lib.moparser        133    114     56     55    11%   47-71, 74, 77-82, 88-115, 118-182, 187-193, 196
lib.paths             7      2      0      0    71%   36-37
lib.polib4us         99     68     28     28    24%   39-40, 54, 70, 73-94, 98, 108-110, 131-143, 147, 159, 168-173, 184-192, 201-208, 215-224
lib.strformat         0      0      0      0   100%
lib.strformat.c     256      0    140      0   100%
lib.tags            132     45     41     22    61%   45-49, 52-56, 59, 62, 107, 109, 112, 119-121, 131-132, 141-143, 148-150, 161, 172-179, 185-189, 199-212, 231, 234, 237
lib.terminal         48     19      4      4    56%   75-95
-------------------------------------------------------------
TOTAL              2545   1159   1130    671    50%
