Generated automatically by private/update-branch-coverage. Do not edit.

Name                            Stmts   Miss Branch BrPart  Cover   Missing
---------------------------------------------------------------------------
lib.py                              0      0      0      0   100%
lib/check.py                      755    706    467      0     4%   80-84, 87-100, 107, 113-192, 196-328, 332-457, 461-533, 537-575, 580-612, 617-655, 658-736, 739-819, 822-936, 939-946, 949-965, 970
lib/check/msgformat.py             84     71     36      0    11%   32, 36, 39, 42-152, 163, 167
lib/check/msgformat/c.py           67     56     28      0    12%   37-44, 47-105, 108-129
lib/check/msgformat/python.py      77     67     39      0     9%   37-109, 112-149
lib/check/repr.py                  10      7      2      0    25%   24-30
lib/cli.py                         97     73     28      0    19%   42-46, 54-63, 66-67, 70-72, 78-107, 110-118, 121-147
lib/domains.py                     10      0      0      0   100%
lib/encodings.py                  125     36     30      0    73%   49-67, 79-87, 192, 200-212, 216-220
lib/gettext.py                     97      0     28      0   100%
lib/iconv.py                      161     56     54     18    59%   41-42, 55-57, 64, 66, 68, 70, 77-78, 87-88, 101-102, 115-127, 134-135, 138-149, 155, 157, 159, 161, 170-171, 184-185, 202-217, 226-227, 230-241, 63->64, 65->66, 67->68, 69->70, 76->77, 86->87, 100->101, 109->114, 114->115, 133->134, 154->155, 156->157, 158->159, 160->161, 169->170, 183->184, 199->202, 225->226
lib/intexpr.py                    324      0     82      0   100%
lib/ling.py                       238      2     94      3    98%   181, 275, 159->162, 179->181, 271->277
lib/misc.py                        40      0     18      1    98%   91->-23
lib/moparser.py                   140     92     58      4    29%   74, 82, 97-115, 118-186, 191-200, 203, 54->60, 62->64, 80->82, 202->203
lib/paths.py                        7      2      0      0    71%   36-37
lib/polib4us.py                   110     75     26      0    26%   39-40, 54, 70, 73-94, 98, 108-110, 131-143, 147, 159, 168-173, 184-192, 203, 206, 210-214, 226-233, 241-250
lib/strformat.py                    0      0      0      0   100%
lib/strformat/c.py                285      0    164      0   100%
lib/strformat/python.py           205      0     94      0   100%
lib/tags.py                       132     41     41      4    67%   45-49, 52-56, 59, 62, 107, 109, 112, 131-132, 141-143, 148-150, 161, 172-179, 185-189, 199-212, 231, 237, 106->107, 108->109, 111->112, 160->161
lib/terminal.py                    53     24      4      0    51%   77-104
lib/xml.py                         21      0      2      0   100%
---------------------------------------------------------------------------
TOTAL                            3038   1308   1295     30    53%
